{"/Users/kajals2/Documents/Code/JokesProject/src/common/Requests.ts": {"path":"/Users/kajals2/Documents/Code/JokesProject/src/common/Requests.ts","statementMap":{"0":{"start":{"line":4,"column":29},"end":{"line":6,"column":1}}},"fnMap":{},"branchMap":{},"s":{"0":1},"f":{},"b":{},"_coverageSchema":"1a1c01bbd47fc00a2c39e90264f33305004495a9","hash":"2dc5c9a110523b23b46ff9bb34a688aff1fba534"}
,"/Users/kajals2/Documents/Code/JokesProject/src/components/JokeItem.tsx": {"path":"/Users/kajals2/Documents/Code/JokesProject/src/components/JokeItem.tsx","statementMap":{"0":{"start":{"line":9,"column":15},"end":{"line":20,"column":2}},"1":{"start":{"line":26,"column":17},"end":{"line":32,"column":1}},"2":{"start":{"line":27,"column":2},"end":{"line":31,"column":4}}},"fnMap":{"0":{"name":"(anonymous_0)","decl":{"start":{"line":26,"column":17},"end":{"line":26,"column":18}},"loc":{"start":{"line":26,"column":49},"end":{"line":32,"column":1}},"line":26}},"branchMap":{},"s":{"0":2,"1":2,"2":1},"f":{"0":1},"b":{},"_coverageSchema":"1a1c01bbd47fc00a2c39e90264f33305004495a9","hash":"f650ec581559c6f2d0a76083ed7f5f5861c320b0"}
,"/Users/kajals2/Documents/Code/JokesProject/src/redux/action/JokesAction.ts": {"path":"/Users/kajals2/Documents/Code/JokesProject/src/redux/action/JokesAction.ts","statementMap":{"0":{"start":{"line":2,"column":23},"end":{"line":2,"column":32}},"1":{"start":{"line":3,"column":23},"end":{"line":3,"column":32}},"2":{"start":{"line":4,"column":23},"end":{"line":4,"column":32}},"3":{"start":{"line":5,"column":25},"end":{"line":5,"column":36}}},"fnMap":{},"branchMap":{},"s":{"0":2,"1":2,"2":2,"3":2},"f":{},"b":{},"_coverageSchema":"1a1c01bbd47fc00a2c39e90264f33305004495a9","hash":"dec09dcae8a6d925a55b035359090e5dd5b33d6a"}
,"/Users/kajals2/Documents/Code/JokesProject/src/redux/reducer/JokeReducer.ts": {"path":"/Users/kajals2/Documents/Code/JokesProject/src/redux/reducer/JokeReducer.ts","statementMap":{"0":{"start":{"line":5,"column":27},"end":{"line":33,"column":1}},"1":{"start":{"line":9,"column":2},"end":{"line":32,"column":3}},"2":{"start":{"line":11,"column":6},"end":{"line":11,"column":39}},"3":{"start":{"line":13,"column":6},"end":{"line":18,"column":8}},"4":{"start":{"line":20,"column":6},"end":{"line":24,"column":8}},"5":{"start":{"line":26,"column":6},"end":{"line":29,"column":8}},"6":{"start":{"line":31,"column":6},"end":{"line":31,"column":24}}},"fnMap":{"0":{"name":"(anonymous_0)","decl":{"start":{"line":5,"column":27},"end":{"line":5,"column":28}},"loc":{"start":{"line":8,"column":18},"end":{"line":33,"column":1}},"line":8}},"branchMap":{"0":{"loc":{"start":{"line":9,"column":2},"end":{"line":32,"column":3}},"type":"switch","locations":[{"start":{"line":10,"column":4},"end":{"line":11,"column":39}},{"start":{"line":12,"column":4},"end":{"line":18,"column":8}},{"start":{"line":19,"column":4},"end":{"line":24,"column":8}},{"start":{"line":25,"column":4},"end":{"line":29,"column":8}},{"start":{"line":30,"column":4},"end":{"line":31,"column":24}}],"line":9},"1":{"loc":{"start":{"line":16,"column":15},"end":{"line":16,"column":68}},"type":"binary-expr","locations":[{"start":{"line":16,"column":15},"end":{"line":16,"column":29}},{"start":{"line":16,"column":33},"end":{"line":16,"column":68}}],"line":16}},"s":{"0":2,"1":11,"2":4,"3":1,"4":4,"5":2,"6":0},"f":{"0":11},"b":{"0":[4,1,4,2,0],"1":[1,1]},"_coverageSchema":"1a1c01bbd47fc00a2c39e90264f33305004495a9","hash":"97335e39197ca764e1adf0d6e9a385c88d745f79"}
,"/Users/kajals2/Documents/Code/JokesProject/src/screens/DadJokes.tsx": {"path":"/Users/kajals2/Documents/Code/JokesProject/src/screens/DadJokes.tsx","statementMap":{"0":{"start":{"line":23,"column":15},"end":{"line":41,"column":2}},"1":{"start":{"line":43,"column":34},"end":{"line":48,"column":1}},"2":{"start":{"line":50,"column":17},"end":{"line":90,"column":1}},"3":{"start":{"line":51,"column":28},"end":{"line":51,"column":65}},"4":{"start":{"line":53,"column":2},"end":{"line":64,"column":19}},"5":{"start":{"line":54,"column":21},"end":{"line":62,"column":5}},"6":{"start":{"line":55,"column":6},"end":{"line":61,"column":7}},"7":{"start":{"line":56,"column":8},"end":{"line":56,"column":34}},"8":{"start":{"line":57,"column":25},"end":{"line":57,"column":53}},"9":{"start":{"line":58,"column":8},"end":{"line":58,"column":53}},"10":{"start":{"line":60,"column":8},"end":{"line":60,"column":34}},"11":{"start":{"line":63,"column":4},"end":{"line":63,"column":15}},"12":{"start":{"line":66,"column":24},"end":{"line":70,"column":3}},"13":{"start":{"line":67,"column":4},"end":{"line":69,"column":5}},"14":{"start":{"line":68,"column":6},"end":{"line":68,"column":34}},"15":{"start":{"line":72,"column":2},"end":{"line":89,"column":4}},"16":{"start":{"line":83,"column":39},"end":{"line":83,"column":49}},"17":{"start":{"line":84,"column":32},"end":{"line":84,"column":56}},"18":{"start":{"line":86,"column":28},"end":{"line":86,"column":43}}},"fnMap":{"0":{"name":"(anonymous_0)","decl":{"start":{"line":50,"column":17},"end":{"line":50,"column":18}},"loc":{"start":{"line":50,"column":36},"end":{"line":90,"column":1}},"line":50},"1":{"name":"(anonymous_1)","decl":{"start":{"line":53,"column":12},"end":{"line":53,"column":13}},"loc":{"start":{"line":53,"column":18},"end":{"line":64,"column":3}},"line":53},"2":{"name":"(anonymous_2)","decl":{"start":{"line":54,"column":21},"end":{"line":54,"column":22}},"loc":{"start":{"line":54,"column":48},"end":{"line":62,"column":5}},"line":54},"3":{"name":"(anonymous_3)","decl":{"start":{"line":66,"column":24},"end":{"line":66,"column":25}},"loc":{"start":{"line":66,"column":36},"end":{"line":70,"column":3}},"line":66},"4":{"name":"(anonymous_4)","decl":{"start":{"line":83,"column":22},"end":{"line":83,"column":23}},"loc":{"start":{"line":83,"column":39},"end":{"line":83,"column":49}},"line":83},"5":{"name":"(anonymous_5)","decl":{"start":{"line":84,"column":20},"end":{"line":84,"column":21}},"loc":{"start":{"line":84,"column":32},"end":{"line":84,"column":56}},"line":84},"6":{"name":"(anonymous_6)","decl":{"start":{"line":86,"column":22},"end":{"line":86,"column":23}},"loc":{"start":{"line":86,"column":28},"end":{"line":86,"column":43}},"line":86}},"branchMap":{"0":{"loc":{"start":{"line":67,"column":4},"end":{"line":69,"column":5}},"type":"if","locations":[{"start":{"line":67,"column":4},"end":{"line":69,"column":5}},{"start":{"line":67,"column":4},"end":{"line":69,"column":5}}],"line":67},"1":{"loc":{"start":{"line":74,"column":7},"end":{"line":74,"column":71}},"type":"binary-expr","locations":[{"start":{"line":74,"column":7},"end":{"line":74,"column":18}},{"start":{"line":74,"column":22},"end":{"line":74,"column":71}}],"line":74},"2":{"loc":{"start":{"line":75,"column":7},"end":{"line":79,"column":7}},"type":"binary-expr","locations":[{"start":{"line":75,"column":7},"end":{"line":75,"column":20}},{"start":{"line":76,"column":8},"end":{"line":78,"column":15}}],"line":75}},"s":{"0":1,"1":1,"2":1,"3":9,"4":9,"5":3,"6":3,"7":3,"8":3,"9":0,"10":3,"11":3,"12":9,"13":1,"14":1,"15":9,"16":0,"17":0,"18":1},"f":{"0":9,"1":3,"2":3,"3":1,"4":0,"5":0,"6":1},"b":{"0":[1,0],"1":[9,5],"2":[9,3]},"_coverageSchema":"1a1c01bbd47fc00a2c39e90264f33305004495a9","hash":"d6737d1862c554dc3ca599c0f428b371a2c0774e"}
,"/Users/kajals2/Documents/Code/JokesProject/src/service/JokeService.ts": {"path":"/Users/kajals2/Documents/Code/JokesProject/src/service/JokeService.ts","statementMap":{"0":{"start":{"line":4,"column":26},"end":{"line":13,"column":1}},"1":{"start":{"line":5,"column":19},"end":{"line":10,"column":4}},"2":{"start":{"line":11,"column":15},"end":{"line":11,"column":36}},"3":{"start":{"line":12,"column":2},"end":{"line":12,"column":22}}},"fnMap":{"0":{"name":"(anonymous_0)","decl":{"start":{"line":4,"column":26},"end":{"line":4,"column":27}},"loc":{"start":{"line":4,"column":63},"end":{"line":13,"column":1}},"line":4}},"branchMap":{"0":{"loc":{"start":{"line":4,"column":33},"end":{"line":4,"column":41}},"type":"default-arg","locations":[{"start":{"line":4,"column":40},"end":{"line":4,"column":41}}],"line":4}},"s":{"0":1,"1":3,"2":3,"3":0},"f":{"0":3},"b":{"0":[0]},"_coverageSchema":"1a1c01bbd47fc00a2c39e90264f33305004495a9","hash":"9c75b62819c25a1b34100616250afa68e745cca1"}
,"/Users/kajals2/Documents/Code/JokesProject/src/types/Types.ts": {"path":"/Users/kajals2/Documents/Code/JokesProject/src/types/Types.ts","statementMap":{},"fnMap":{},"branchMap":{},"s":{},"f":{},"b":{}}
}
