{"/Users/kajals2/Documents/Code/JokesProject/src/common/Requests.ts": {"path":"/Users/kajals2/Documents/Code/JokesProject/src/common/Requests.ts","statementMap":{"0":{"start":{"line":8,"column":29},"end":{"line":10,"column":4}},"1":{"start":{"line":9,"column":18},"end":{"line":9,"column":55}}},"fnMap":{},"branchMap":{},"s":{"0":1,"1":1},"f":{},"b":{},"_coverageSchema":"1a1c01bbd47fc00a2c39e90264f33305004495a9","hash":"46b06e3041e31b5283be23769a437d42842ac75f"}
,"/Users/kajals2/Documents/Code/JokesProject/src/components/JokeItem.tsx": {"path":"/Users/kajals2/Documents/Code/JokesProject/src/components/JokeItem.tsx","statementMap":{"0":{"start":{"line":7,"column":15},"end":{"line":18,"column":2}},"1":{"start":{"line":24,"column":17},"end":{"line":30,"column":1}},"2":{"start":{"line":25,"column":2},"end":{"line":29,"column":4}}},"fnMap":{"0":{"name":"(anonymous_0)","decl":{"start":{"line":24,"column":17},"end":{"line":24,"column":18}},"loc":{"start":{"line":24,"column":49},"end":{"line":30,"column":1}},"line":24}},"branchMap":{},"s":{"0":2,"1":2,"2":1},"f":{"0":1},"b":{},"_coverageSchema":"1a1c01bbd47fc00a2c39e90264f33305004495a9","hash":"6266a6d173ec51eeea78bf8e55532bddad4f34dd"}
,"/Users/kajals2/Documents/Code/JokesProject/src/redux/action/JokesAction.ts": {"path":"/Users/kajals2/Documents/Code/JokesProject/src/redux/action/JokesAction.ts","statementMap":{"0":{"start":{"line":2,"column":23},"end":{"line":2,"column":32}},"1":{"start":{"line":3,"column":23},"end":{"line":3,"column":32}},"2":{"start":{"line":4,"column":23},"end":{"line":4,"column":32}},"3":{"start":{"line":5,"column":25},"end":{"line":5,"column":36}}},"fnMap":{},"branchMap":{},"s":{"0":2,"1":2,"2":2,"3":2},"f":{},"b":{},"_coverageSchema":"1a1c01bbd47fc00a2c39e90264f33305004495a9","hash":"dec09dcae8a6d925a55b035359090e5dd5b33d6a"}
,"/Users/kajals2/Documents/Code/JokesProject/src/redux/reducer/JokeReducer.ts": {"path":"/Users/kajals2/Documents/Code/JokesProject/src/redux/reducer/JokeReducer.ts","statementMap":{"0":{"start":{"line":5,"column":27},"end":{"line":33,"column":1}},"1":{"start":{"line":9,"column":2},"end":{"line":32,"column":3}},"2":{"start":{"line":11,"column":6},"end":{"line":11,"column":39}},"3":{"start":{"line":13,"column":6},"end":{"line":18,"column":8}},"4":{"start":{"line":20,"column":6},"end":{"line":24,"column":8}},"5":{"start":{"line":26,"column":6},"end":{"line":29,"column":8}},"6":{"start":{"line":31,"column":6},"end":{"line":31,"column":24}}},"fnMap":{"0":{"name":"(anonymous_0)","decl":{"start":{"line":5,"column":27},"end":{"line":5,"column":28}},"loc":{"start":{"line":8,"column":18},"end":{"line":33,"column":1}},"line":8}},"branchMap":{"0":{"loc":{"start":{"line":9,"column":2},"end":{"line":32,"column":3}},"type":"switch","locations":[{"start":{"line":10,"column":4},"end":{"line":11,"column":39}},{"start":{"line":12,"column":4},"end":{"line":18,"column":8}},{"start":{"line":19,"column":4},"end":{"line":24,"column":8}},{"start":{"line":25,"column":4},"end":{"line":29,"column":8}},{"start":{"line":30,"column":4},"end":{"line":31,"column":24}}],"line":9},"1":{"loc":{"start":{"line":16,"column":15},"end":{"line":16,"column":68}},"type":"binary-expr","locations":[{"start":{"line":16,"column":15},"end":{"line":16,"column":29}},{"start":{"line":16,"column":33},"end":{"line":16,"column":68}}],"line":16}},"s":{"0":2,"1":11,"2":4,"3":1,"4":4,"5":2,"6":0},"f":{"0":11},"b":{"0":[4,1,4,2,0],"1":[1,1]},"_coverageSchema":"1a1c01bbd47fc00a2c39e90264f33305004495a9","hash":"97335e39197ca764e1adf0d6e9a385c88d745f79"}
,"/Users/kajals2/Documents/Code/JokesProject/src/screens/DadJokes.tsx": {"path":"/Users/kajals2/Documents/Code/JokesProject/src/screens/DadJokes.tsx","statementMap":{"0":{"start":{"line":22,"column":15},"end":{"line":40,"column":2}},"1":{"start":{"line":42,"column":34},"end":{"line":47,"column":1}},"2":{"start":{"line":49,"column":17},"end":{"line":91,"column":1}},"3":{"start":{"line":50,"column":28},"end":{"line":50,"column":65}},"4":{"start":{"line":52,"column":19},"end":{"line":60,"column":3}},"5":{"start":{"line":53,"column":4},"end":{"line":59,"column":5}},"6":{"start":{"line":54,"column":6},"end":{"line":54,"column":32}},"7":{"start":{"line":55,"column":23},"end":{"line":55,"column":51}},"8":{"start":{"line":56,"column":6},"end":{"line":56,"column":51}},"9":{"start":{"line":58,"column":6},"end":{"line":58,"column":32}},"10":{"start":{"line":62,"column":2},"end":{"line":65,"column":19}},"11":{"start":{"line":63,"column":4},"end":{"line":63,"column":15}},"12":{"start":{"line":67,"column":24},"end":{"line":71,"column":3}},"13":{"start":{"line":68,"column":4},"end":{"line":70,"column":5}},"14":{"start":{"line":69,"column":6},"end":{"line":69,"column":34}},"15":{"start":{"line":73,"column":2},"end":{"line":90,"column":4}},"16":{"start":{"line":84,"column":39},"end":{"line":84,"column":49}},"17":{"start":{"line":85,"column":32},"end":{"line":85,"column":56}},"18":{"start":{"line":87,"column":28},"end":{"line":87,"column":43}}},"fnMap":{"0":{"name":"(anonymous_0)","decl":{"start":{"line":49,"column":17},"end":{"line":49,"column":18}},"loc":{"start":{"line":49,"column":36},"end":{"line":91,"column":1}},"line":49},"1":{"name":"(anonymous_1)","decl":{"start":{"line":52,"column":19},"end":{"line":52,"column":20}},"loc":{"start":{"line":52,"column":46},"end":{"line":60,"column":3}},"line":52},"2":{"name":"(anonymous_2)","decl":{"start":{"line":62,"column":12},"end":{"line":62,"column":13}},"loc":{"start":{"line":62,"column":18},"end":{"line":65,"column":3}},"line":62},"3":{"name":"(anonymous_3)","decl":{"start":{"line":67,"column":24},"end":{"line":67,"column":25}},"loc":{"start":{"line":67,"column":36},"end":{"line":71,"column":3}},"line":67},"4":{"name":"(anonymous_4)","decl":{"start":{"line":84,"column":22},"end":{"line":84,"column":23}},"loc":{"start":{"line":84,"column":39},"end":{"line":84,"column":49}},"line":84},"5":{"name":"(anonymous_5)","decl":{"start":{"line":85,"column":20},"end":{"line":85,"column":21}},"loc":{"start":{"line":85,"column":32},"end":{"line":85,"column":56}},"line":85},"6":{"name":"(anonymous_6)","decl":{"start":{"line":87,"column":22},"end":{"line":87,"column":23}},"loc":{"start":{"line":87,"column":28},"end":{"line":87,"column":43}},"line":87}},"branchMap":{"0":{"loc":{"start":{"line":68,"column":4},"end":{"line":70,"column":5}},"type":"if","locations":[{"start":{"line":68,"column":4},"end":{"line":70,"column":5}},{"start":{"line":68,"column":4},"end":{"line":70,"column":5}}],"line":68},"1":{"loc":{"start":{"line":75,"column":7},"end":{"line":75,"column":71}},"type":"binary-expr","locations":[{"start":{"line":75,"column":7},"end":{"line":75,"column":18}},{"start":{"line":75,"column":22},"end":{"line":75,"column":71}}],"line":75},"2":{"loc":{"start":{"line":76,"column":7},"end":{"line":80,"column":7}},"type":"binary-expr","locations":[{"start":{"line":76,"column":7},"end":{"line":76,"column":20}},{"start":{"line":77,"column":8},"end":{"line":79,"column":15}}],"line":76}},"s":{"0":1,"1":1,"2":1,"3":9,"4":9,"5":3,"6":3,"7":3,"8":0,"9":3,"10":9,"11":3,"12":9,"13":1,"14":1,"15":9,"16":0,"17":0,"18":1},"f":{"0":9,"1":3,"2":3,"3":1,"4":0,"5":0,"6":1},"b":{"0":[1,0],"1":[9,5],"2":[9,3]},"_coverageSchema":"1a1c01bbd47fc00a2c39e90264f33305004495a9","hash":"3153c8d67ff3d023b9b03d83372666e1ddd09bb3"}
,"/Users/kajals2/Documents/Code/JokesProject/src/service/JokeService.ts": {"path":"/Users/kajals2/Documents/Code/JokesProject/src/service/JokeService.ts","statementMap":{"0":{"start":{"line":4,"column":26},"end":{"line":13,"column":1}},"1":{"start":{"line":5,"column":19},"end":{"line":10,"column":4}},"2":{"start":{"line":11,"column":15},"end":{"line":11,"column":36}},"3":{"start":{"line":12,"column":2},"end":{"line":12,"column":22}}},"fnMap":{"0":{"name":"(anonymous_0)","decl":{"start":{"line":4,"column":26},"end":{"line":4,"column":27}},"loc":{"start":{"line":4,"column":60},"end":{"line":13,"column":1}},"line":4}},"branchMap":{"0":{"loc":{"start":{"line":4,"column":33},"end":{"line":4,"column":41}},"type":"default-arg","locations":[{"start":{"line":4,"column":40},"end":{"line":4,"column":41}}],"line":4}},"s":{"0":1,"1":3,"2":0,"3":0},"f":{"0":3},"b":{"0":[0]},"_coverageSchema":"1a1c01bbd47fc00a2c39e90264f33305004495a9","hash":"fc25cc58c04b94d73aace24b6959795b71da5f56"}
,"/Users/kajals2/Documents/Code/JokesProject/src/types/Types.ts": {"path":"/Users/kajals2/Documents/Code/JokesProject/src/types/Types.ts","statementMap":{},"fnMap":{},"branchMap":{},"s":{},"f":{},"b":{}}
}
