TN:
SF:src/common/Requests.ts
FNF:0
FNH:0
DA:8,1
DA:9,1
LF:2
LH:2
BRF:0
BRH:0
end_of_record
TN:
SF:src/components/JokeItem.tsx
FN:24,(anonymous_0)
FNF:1
FNH:1
FNDA:1,(anonymous_0)
DA:7,2
DA:24,2
DA:25,1
LF:3
LH:3
BRF:0
BRH:0
end_of_record
TN:
SF:src/redux/action/JokesAction.ts
FNF:0
FNH:0
DA:2,2
DA:3,2
DA:4,2
DA:5,2
LF:4
LH:4
BRF:0
BRH:0
end_of_record
TN:
SF:src/redux/reducer/JokeReducer.ts
FN:5,(anonymous_0)
FNF:1
FNH:1
FNDA:11,(anonymous_0)
DA:5,2
DA:9,11
DA:11,4
DA:13,1
DA:20,4
DA:26,2
DA:31,0
LF:7
LH:6
BRDA:9,0,0,4
BRDA:9,0,1,1
BRDA:9,0,2,4
BRDA:9,0,3,2
BRDA:9,0,4,0
BRDA:16,1,0,1
BRDA:16,1,1,1
BRF:7
BRH:6
end_of_record
TN:
SF:src/screens/DadJokes.tsx
FN:49,(anonymous_0)
FN:52,(anonymous_1)
FN:62,(anonymous_2)
FN:67,(anonymous_3)
FN:84,(anonymous_4)
FN:85,(anonymous_5)
FN:87,(anonymous_6)
FNF:7
FNH:5
FNDA:9,(anonymous_0)
FNDA:3,(anonymous_1)
FNDA:3,(anonymous_2)
FNDA:1,(anonymous_3)
FNDA:0,(anonymous_4)
FNDA:0,(anonymous_5)
FNDA:1,(anonymous_6)
DA:22,1
DA:42,1
DA:49,1
DA:50,9
DA:52,9
DA:53,3
DA:54,3
DA:55,3
DA:56,0
DA:58,3
DA:62,9
DA:63,3
DA:67,9
DA:68,1
DA:69,1
DA:73,9
DA:84,0
DA:85,0
DA:87,1
LF:19
LH:16
BRDA:68,0,0,1
BRDA:68,0,1,0
BRDA:75,1,0,9
BRDA:75,1,1,5
BRDA:76,2,0,9
BRDA:76,2,1,3
BRF:6
BRH:5
end_of_record
TN:
SF:src/service/JokeService.ts
FN:4,(anonymous_0)
FNF:1
FNH:1
FNDA:3,(anonymous_0)
DA:4,1
DA:5,3
DA:11,0
DA:12,0
LF:4
LH:2
BRDA:4,0,0,0
BRF:1
BRH:0
end_of_record
TN:
SF:src/types/Types.ts
FNF:0
FNH:0
LF:0
LH:0
BRF:0
BRH:0
end_of_record
