TN:
SF:src/common/Requests.ts
FNF:0
FNH:0
DA:4,1
LF:1
LH:1
BRF:0
BRH:0
end_of_record
TN:
SF:src/components/JokeItem.tsx
FN:26,(anonymous_0)
FNF:1
FNH:1
FNDA:1,(anonymous_0)
DA:9,2
DA:26,2
DA:27,1
LF:3
LH:3
BRF:0
BRH:0
end_of_record
TN:
SF:src/redux/action/JokesAction.ts
FNF:0
FNH:0
DA:2,2
DA:3,2
DA:4,2
DA:5,2
LF:4
LH:4
BRF:0
BRH:0
end_of_record
TN:
SF:src/redux/reducer/JokeReducer.ts
FN:5,(anonymous_0)
FNF:1
FNH:1
FNDA:11,(anonymous_0)
DA:5,2
DA:9,11
DA:11,4
DA:13,1
DA:20,4
DA:26,2
DA:31,0
LF:7
LH:6
BRDA:9,0,0,4
BRDA:9,0,1,1
BRDA:9,0,2,4
BRDA:9,0,3,2
BRDA:9,0,4,0
BRDA:16,1,0,1
BRDA:16,1,1,1
BRF:7
BRH:6
end_of_record
TN:
SF:src/screens/DadJokes.tsx
FN:50,(anonymous_0)
FN:53,(anonymous_1)
FN:54,(anonymous_2)
FN:66,(anonymous_3)
FN:83,(anonymous_4)
FN:84,(anonymous_5)
FN:86,(anonymous_6)
FNF:7
FNH:5
FNDA:9,(anonymous_0)
FNDA:3,(anonymous_1)
FNDA:3,(anonymous_2)
FNDA:1,(anonymous_3)
FNDA:0,(anonymous_4)
FNDA:0,(anonymous_5)
FNDA:1,(anonymous_6)
DA:23,1
DA:43,1
DA:50,1
DA:51,9
DA:53,9
DA:54,3
DA:55,3
DA:56,3
DA:57,3
DA:58,0
DA:60,3
DA:63,3
DA:66,9
DA:67,1
DA:68,1
DA:72,9
DA:83,0
DA:84,0
DA:86,1
LF:19
LH:16
BRDA:67,0,0,1
BRDA:67,0,1,0
BRDA:74,1,0,9
BRDA:74,1,1,5
BRDA:75,2,0,9
BRDA:75,2,1,3
BRF:6
BRH:5
end_of_record
TN:
SF:src/service/JokeService.ts
FN:4,(anonymous_0)
FNF:1
FNH:1
FNDA:3,(anonymous_0)
DA:4,1
DA:5,3
DA:11,3
DA:12,0
LF:4
LH:3
BRDA:4,0,0,0
BRF:1
BRH:0
end_of_record
TN:
SF:src/types/Types.ts
FNF:0
FNH:0
LF:0
LH:0
BRF:0
BRH:0
end_of_record
